<?xml version="1.0" encoding="UTF-8"?>
<!-- Generated by org.testng.reporters.JUnitReportReporter -->
<testsuite hostname="DESKTOP-GS6Q6SQ" failures="0" tests="1" name="DemoPack.CreateCustomer" time="0.016" errors="0" timestamp="2023-12-21T20:47:08 IST" skipped="0">
  <testcase classname="DemoPack.CreateCustomer" name="testCreateCustomer" time="0.016"/>
  <system-out/>
</testsuite> <!-- DemoPack.CreateCustomer -->
