<?xml version="1.0" encoding="UTF-8"?>
<!-- Generated by org.testng.reporters.JUnitReportReporter -->
<testsuite hostname="DESKTOP-GS6Q6SQ" failures="0" tests="1" name="DemoPack1.DeleteUser" time="0.002" errors="0" timestamp="2023-12-21T20:54:05 IST" skipped="0">
  <testcase classname="DemoPack1.DeleteUser" name="testDeleteUser" time="0.002"/>
  <system-out/>
</testsuite> <!-- DemoPack1.DeleteUser -->
