<?xml version="1.0" encoding="UTF-8"?>
<!-- Generated by org.testng.reporters.JUnitReportReporter -->
<testsuite hostname="DESKTOP-GS6Q6SQ" failures="0" tests="1" name="DemoPack1.CreateUser" time="0.015" errors="0" timestamp="2023-12-21T20:54:05 IST" skipped="0">
  <testcase classname="DemoPack1.CreateUser" name="testCreateUser" time="0.015"/>
  <system-out/>
</testsuite> <!-- DemoPack1.CreateUser -->
